stdClass Object
(
    [ref] => refs/heads/master
    [before] => a4811054e24535dde5b47b46682c37b38bd4357a
    [after] => 25da280449116c0714ff8ab2951483445656b542
    [repository] => stdClass Object
        (
            [id] => 305352264
            [node_id] => MDEwOlJlcG9zaXRvcnkzMDUzNTIyNjQ=
            [name] => oxor
            [full_name] => Symbol-Tech/oxor
            [private] => 1
            [owner] => stdClass Object
                (
                    [name] => Symbol-Tech
                    [email] => 
                    [login] => Symbol-Tech
                    [id] => 73109941
                    [node_id] => MDEyOk9yZ2FuaXphdGlvbjczMTA5OTQx
                    [avatar_url] => https://avatars2.githubusercontent.com/u/73109941?v=4
                    [gravatar_id] => 
                    [url] => https://api.github.com/users/Symbol-Tech
                    [html_url] => https://github.com/Symbol-Tech
                    [followers_url] => https://api.github.com/users/Symbol-Tech/followers
                    [following_url] => https://api.github.com/users/Symbol-Tech/following{/other_user}
                    [gists_url] => https://api.github.com/users/Symbol-Tech/gists{/gist_id}
                    [starred_url] => https://api.github.com/users/Symbol-Tech/starred{/owner}{/repo}
                    [subscriptions_url] => https://api.github.com/users/Symbol-Tech/subscriptions
                    [organizations_url] => https://api.github.com/users/Symbol-Tech/orgs
                    [repos_url] => https://api.github.com/users/Symbol-Tech/repos
                    [events_url] => https://api.github.com/users/Symbol-Tech/events{/privacy}
                    [received_events_url] => https://api.github.com/users/Symbol-Tech/received_events
                    [type] => Organization
                    [site_admin] => 
                )

            [html_url] => https://github.com/Symbol-Tech/oxor
            [description] => OxorManager
            [fork] => 
            [url] => https://github.com/Symbol-Tech/oxor
            [forks_url] => https://api.github.com/repos/Symbol-Tech/oxor/forks
            [keys_url] => https://api.github.com/repos/Symbol-Tech/oxor/keys{/key_id}
            [collaborators_url] => https://api.github.com/repos/Symbol-Tech/oxor/collaborators{/collaborator}
            [teams_url] => https://api.github.com/repos/Symbol-Tech/oxor/teams
            [hooks_url] => https://api.github.com/repos/Symbol-Tech/oxor/hooks
            [issue_events_url] => https://api.github.com/repos/Symbol-Tech/oxor/issues/events{/number}
            [events_url] => https://api.github.com/repos/Symbol-Tech/oxor/events
            [assignees_url] => https://api.github.com/repos/Symbol-Tech/oxor/assignees{/user}
            [branches_url] => https://api.github.com/repos/Symbol-Tech/oxor/branches{/branch}
            [tags_url] => https://api.github.com/repos/Symbol-Tech/oxor/tags
            [blobs_url] => https://api.github.com/repos/Symbol-Tech/oxor/git/blobs{/sha}
            [git_tags_url] => https://api.github.com/repos/Symbol-Tech/oxor/git/tags{/sha}
            [git_refs_url] => https://api.github.com/repos/Symbol-Tech/oxor/git/refs{/sha}
            [trees_url] => https://api.github.com/repos/Symbol-Tech/oxor/git/trees{/sha}
            [statuses_url] => https://api.github.com/repos/Symbol-Tech/oxor/statuses/{sha}
            [languages_url] => https://api.github.com/repos/Symbol-Tech/oxor/languages
            [stargazers_url] => https://api.github.com/repos/Symbol-Tech/oxor/stargazers
            [contributors_url] => https://api.github.com/repos/Symbol-Tech/oxor/contributors
            [subscribers_url] => https://api.github.com/repos/Symbol-Tech/oxor/subscribers
            [subscription_url] => https://api.github.com/repos/Symbol-Tech/oxor/subscription
            [commits_url] => https://api.github.com/repos/Symbol-Tech/oxor/commits{/sha}
            [git_commits_url] => https://api.github.com/repos/Symbol-Tech/oxor/git/commits{/sha}
            [comments_url] => https://api.github.com/repos/Symbol-Tech/oxor/comments{/number}
            [issue_comment_url] => https://api.github.com/repos/Symbol-Tech/oxor/issues/comments{/number}
            [contents_url] => https://api.github.com/repos/Symbol-Tech/oxor/contents/{+path}
            [compare_url] => https://api.github.com/repos/Symbol-Tech/oxor/compare/{base}...{head}
            [merges_url] => https://api.github.com/repos/Symbol-Tech/oxor/merges
            [archive_url] => https://api.github.com/repos/Symbol-Tech/oxor/{archive_format}{/ref}
            [downloads_url] => https://api.github.com/repos/Symbol-Tech/oxor/downloads
            [issues_url] => https://api.github.com/repos/Symbol-Tech/oxor/issues{/number}
            [pulls_url] => https://api.github.com/repos/Symbol-Tech/oxor/pulls{/number}
            [milestones_url] => https://api.github.com/repos/Symbol-Tech/oxor/milestones{/number}
            [notifications_url] => https://api.github.com/repos/Symbol-Tech/oxor/notifications{?since,all,participating}
            [labels_url] => https://api.github.com/repos/Symbol-Tech/oxor/labels{/name}
            [releases_url] => https://api.github.com/repos/Symbol-Tech/oxor/releases{/id}
            [deployments_url] => https://api.github.com/repos/Symbol-Tech/oxor/deployments
            [created_at] => 1603104676
            [updated_at] => 2020-10-20T09:07:49Z
            [pushed_at] => 1603184936
            [git_url] => git://github.com/Symbol-Tech/oxor.git
            [ssh_url] => git@github.com:Symbol-Tech/oxor.git
            [clone_url] => https://github.com/Symbol-Tech/oxor.git
            [svn_url] => https://github.com/Symbol-Tech/oxor
            [homepage] => 
            [size] => 7905
            [stargazers_count] => 0
            [watchers_count] => 0
            [language] => PHP
            [has_issues] => 1
            [has_projects] => 1
            [has_downloads] => 1
            [has_wiki] => 1
            [has_pages] => 
            [forks_count] => 0
            [mirror_url] => 
            [archived] => 
            [disabled] => 
            [open_issues_count] => 0
            [license] => 
            [forks] => 0
            [open_issues] => 0
            [watchers] => 0
            [default_branch] => master
            [stargazers] => 0
            [master_branch] => master
            [organization] => Symbol-Tech
        )

    [pusher] => stdClass Object
        (
            [name] => BCsabaEngine
            [email] => csaba@balazs-magyar.hu
        )

    [organization] => stdClass Object
        (
            [login] => Symbol-Tech
            [id] => 73109941
            [node_id] => MDEyOk9yZ2FuaXphdGlvbjczMTA5OTQx
            [url] => https://api.github.com/orgs/Symbol-Tech
            [repos_url] => https://api.github.com/orgs/Symbol-Tech/repos
            [events_url] => https://api.github.com/orgs/Symbol-Tech/events
            [hooks_url] => https://api.github.com/orgs/Symbol-Tech/hooks
            [issues_url] => https://api.github.com/orgs/Symbol-Tech/issues
            [members_url] => https://api.github.com/orgs/Symbol-Tech/members{/member}
            [public_members_url] => https://api.github.com/orgs/Symbol-Tech/public_members{/member}
            [avatar_url] => https://avatars2.githubusercontent.com/u/73109941?v=4
            [description] => 
        )

    [sender] => stdClass Object
        (
            [login] => BCsabaEngine
            [id] => 20396372
            [node_id] => MDQ6VXNlcjIwMzk2Mzcy
            [avatar_url] => https://avatars1.githubusercontent.com/u/20396372?v=4
            [gravatar_id] => 
            [url] => https://api.github.com/users/BCsabaEngine
            [html_url] => https://github.com/BCsabaEngine
            [followers_url] => https://api.github.com/users/BCsabaEngine/followers
            [following_url] => https://api.github.com/users/BCsabaEngine/following{/other_user}
            [gists_url] => https://api.github.com/users/BCsabaEngine/gists{/gist_id}
            [starred_url] => https://api.github.com/users/BCsabaEngine/starred{/owner}{/repo}
            [subscriptions_url] => https://api.github.com/users/BCsabaEngine/subscriptions
            [organizations_url] => https://api.github.com/users/BCsabaEngine/orgs
            [repos_url] => https://api.github.com/users/BCsabaEngine/repos
            [events_url] => https://api.github.com/users/BCsabaEngine/events{/privacy}
            [received_events_url] => https://api.github.com/users/BCsabaEngine/received_events
            [type] => User
            [site_admin] => 
        )

    [created] => 
    [deleted] => 
    [forced] => 
    [base_ref] => 
    [compare] => https://github.com/Symbol-Tech/oxor/compare/a4811054e245...25da28044911
    [commits] => Array
        (
            [0] => stdClass Object
                (
                    [id] => 25da280449116c0714ff8ab2951483445656b542
                    [tree_id] => 588fa2769cb22728a531d9ecf6e730a6dbfad40f
                    [distinct] => 1
                    [message] => Update index.php
                    [timestamp] => 2020-10-20T11:08:50+02:00
                    [url] => https://github.com/Symbol-Tech/oxor/commit/25da280449116c0714ff8ab2951483445656b542
                    [author] => stdClass Object
                        (
                            [name] => BCsabaEngine
                            [email] => csaba@balazs-magyar.hu
                            [username] => BCsabaEngine
                        )

                    [committer] => stdClass Object
                        (
                            [name] => BCsabaEngine
                            [email] => csaba@balazs-magyar.hu
                            [username] => BCsabaEngine
                        )

                    [added] => Array
                        (
                        )

                    [removed] => Array
                        (
                        )

                    [modified] => Array
                        (
                            [0] => index.php
                        )

                )

        )

    [head_commit] => stdClass Object
        (
            [id] => 25da280449116c0714ff8ab2951483445656b542
            [tree_id] => 588fa2769cb22728a531d9ecf6e730a6dbfad40f
            [distinct] => 1
            [message] => Update index.php
            [timestamp] => 2020-10-20T11:08:50+02:00
            [url] => https://github.com/Symbol-Tech/oxor/commit/25da280449116c0714ff8ab2951483445656b542
            [author] => stdClass Object
                (
                    [name] => BCsabaEngine
                    [email] => csaba@balazs-magyar.hu
                    [username] => BCsabaEngine
                )

            [committer] => stdClass Object
                (
                    [name] => BCsabaEngine
                    [email] => csaba@balazs-magyar.hu
                    [username] => BCsabaEngine
                )

            [added] => Array
                (
                )

            [removed] => Array
                (
                )

            [modified] => Array
                (
                    [0] => index.php
                )

        )

)
